<?xml version="1.0" encoding="UTF-8"?>
<!-- Generated by org.testng.reporters.JUnitXMLReporter -->
<testsuite hostname="Administrator" ignored="0" name="testing" tests="4" failures="0" timestamp="02 Jun 2021 06:12:27 GMT" time="0.104" errors="0">
  <testcase name="funA" time="0.014" classname="TestNGDemo.TestNGGroupsDemo1"/>
  <testcase name="funB" time="0.0" classname="TestNGDemo.TestNGGroupsDemo1"/>
  <testcase name="funC" time="0.0" classname="TestNGDemo.TestNGGroupsDemo1"/>
  <testcase name="funD" time="0.001" classname="TestNGDemo.TestNGGroupsDemo1"/>
</testsuite> <!-- testing -->
