<?xml version="1.0" encoding="UTF-8"?>
<!-- Generated by org.testng.reporters.JUnitXMLReporter -->
<testsuite ignored="1" hostname="Administrator" failures="2" tests="15" name="Regression suite 1" time="0.292" errors="0" timestamp="2021-04-04T09:02:38 IST">
  <testcase classname="TestNGDemo.NewTest" name="f" time="0.02"/>
  <testcase classname="TestNGDemo.TestNGDemo1" name="funA" time="0.003"/>
  <testcase classname="TestNGDemo.TestNGDemo2" name="funB" time="0.004"/>
  <testcase classname="TestNGDemo.TestNGDemo2" name="funC" time="0.004"/>
  <testcase classname="TestNGDemo.TestNGDemo2" name="funA" time="0.005"/>
  <testcase classname="TestNGDemo.TestNGDemo2" name="funD" time="0.005"/>
  <testcase classname="TestNGDemo.TestNGDemo3" name="loginTest" time="0.012">
    <failure type="java.lang.ArithmeticException" message="/ by zero">
      <![CDATA[java.lang.ArithmeticException: / by zero
at TestNGDemo.TestNGDemo3.loginTest(TestNGDemo3.java:11)
at java.base/java.util.ArrayList.forEach(ArrayList.java:1511)
... Removed 27 stack frames]]>
    </failure>
  </testcase> <!-- loginTest -->
  <testcase classname="TestNGDemo.TestNGDemo3" name="customerDetails" time="0.0">
    <skipped/>
  </testcase> <!-- customerDetails -->
  <testcase classname="TestNGDemo.TestNGDemo4" name="funA" time="0.003"/>
  <testcase classname="TestNGDemo.TestNGDemo4" name="funB" time="0.003">
    <failure type="java.lang.Exception" message="funB failed">
      <![CDATA[java.lang.Exception: funB failed
at TestNGDemo.TestNGDemo4.funB(TestNGDemo4.java:16)
at java.base/java.util.ArrayList.forEach(ArrayList.java:1511)
... Removed 27 stack frames]]>
    </failure>
  </testcase> <!-- funB -->
  <testcase classname="TestNGDemo.TestNGDemo4" name="funC" time="0.004">
    <skipped/>
  </testcase> <!-- funC -->
  <testcase classname="TestNGDemo.TestNGGroupsDemo1" name="funA" time="0.007"/>
  <testcase classname="TestNGDemo.TestNGGroupsDemo1" name="funB" time="0.002"/>
  <testcase classname="TestNGDemo.TestNGGroupsDemo1" name="funC" time="0.004"/>
  <testcase classname="TestNGDemo.TestNGGroupsDemo1" name="funD" time="0.005"/>
  <testcase classname="TestNGDemo.TestNGDemo4" name="funD" time="0.0">
    <ignored/>
  </testcase> <!-- funD -->
</testsuite> <!-- Regression suite 1 -->
