<?xml version="1.0" encoding="UTF-8"?>
<testng-results ignored="0" total="1" passed="1" failed="0" skipped="0">
  <reporter-output>
  </reporter-output>
  <suite started-at="2021-06-08T15:53:28 IST" name="Default suite" finished-at="2021-06-08T15:53:39 IST" duration-ms="11110">
    <groups>
    </groups>
    <test started-at="2021-06-08T15:53:28 IST" name="Default test" finished-at="2021-06-08T15:53:39 IST" duration-ms="11110">
      <class name="Practise.KeyBoardActions">
        <test-method signature="keyBoardTest()[pri:0, instance:Practise.KeyBoardActions@62e7f11d]" started-at="2021-06-08T15:53:28 IST" name="keyBoardTest" finished-at="2021-06-08T15:53:39 IST" duration-ms="11020" status="PASS">
          <reporter-output>
          </reporter-output>
        </test-method> <!-- keyBoardTest -->
      </class> <!-- Practise.KeyBoardActions -->
    </test> <!-- Default test -->
  </suite> <!-- Default suite -->
</testng-results>
