<?xml version="1.0" encoding="UTF-8"?>
<testng-results ignored="0" total="2" passed="2" failed="0" skipped="0">
  <reporter-output>
  </reporter-output>
  <suite started-at="2021-04-19T11:50:44 IST" name="Default suite" finished-at="2021-04-19T11:51:00 IST" duration-ms="15712">
    <groups>
    </groups>
    <test started-at="2021-04-19T11:50:44 IST" name="Default test" finished-at="2021-04-19T11:51:00 IST" duration-ms="15712">
      <class name="com.rbg.test.LoginTest">
        <test-method signature="loginWithValidCredentials()[pri:0, instance:com.rbg.test.LoginTest@4b8d604b]" started-at="2021-04-19T11:50:44 IST" name="loginWithValidCredentials" finished-at="2021-04-19T11:50:52 IST" duration-ms="8332" status="PASS">
          <reporter-output>
          </reporter-output>
        </test-method> <!-- loginWithValidCredentials -->
        <test-method signature="loginWithinValidCredentials()[pri:0, instance:com.rbg.test.LoginTest@4b8d604b]" started-at="2021-04-19T11:50:53 IST" name="loginWithinValidCredentials" finished-at="2021-04-19T11:50:59 IST" duration-ms="6484" status="PASS">
          <reporter-output>
          </reporter-output>
        </test-method> <!-- loginWithinValidCredentials -->
        <test-method is-config="true" signature="afterClass()[pri:0, instance:com.rbg.test.LoginTest@4b8d604b]" started-at="2021-04-19T11:50:59 IST" name="afterClass" finished-at="2021-04-19T11:51:00 IST" duration-ms="823" status="PASS">
          <reporter-output>
          </reporter-output>
        </test-method> <!-- afterClass -->
      </class> <!-- com.rbg.test.LoginTest -->
    </test> <!-- Default test -->
  </suite> <!-- Default suite -->
</testng-results>
