<?xml version="1.0" encoding="UTF-8"?>
<testng-results skipped="0" failed="0" ignored="0" total="2" passed="2">
  <reporter-output>
  </reporter-output>
  <suite name="Default suite" duration-ms="133" started-at="2021-11-19T14:25:26 IST" finished-at="2021-11-19T14:25:26 IST">
    <groups>
    </groups>
    <test name="Default test" duration-ms="133" started-at="2021-11-19T14:25:26 IST" finished-at="2021-11-19T14:25:26 IST">
      <class name="JavaPrograms.ReverseStringAndNumber">
        <test-method status="PASS" signature="reverseNumber1()[pri:0, instance:JavaPrograms.ReverseStringAndNumber@711f39f9]" name="reverseNumber1" duration-ms="24" started-at="2021-11-19T14:25:26 IST" finished-at="2021-11-19T14:25:26 IST">
          <reporter-output>
          </reporter-output>
        </test-method> <!-- reverseNumber1 -->
        <test-method status="PASS" signature="reverseString()[pri:0, instance:JavaPrograms.ReverseStringAndNumber@711f39f9]" name="reverseString" duration-ms="4" started-at="2021-11-19T14:25:26 IST" finished-at="2021-11-19T14:25:26 IST">
          <reporter-output>
          </reporter-output>
        </test-method> <!-- reverseString -->
      </class> <!-- JavaPrograms.ReverseStringAndNumber -->
    </test> <!-- Default test -->
  </suite> <!-- Default suite -->
</testng-results>
