<?xml version="1.0" encoding="UTF-8"?>
<!-- Generated by org.testng.reporters.JUnitXMLReporter -->
<testsuite ignored="0" hostname="Administrator" failures="0" tests="4" name="testing" time="0.142" errors="0" timestamp="2021-05-27T16:13:50 IST">
  <testcase classname="TestNGDemo.TestNGGroupsDemo1" name="funA" time="0.019"/>
  <testcase classname="TestNGDemo.TestNGGroupsDemo1" name="funB" time="0.005"/>
  <testcase classname="TestNGDemo.TestNGGroupsDemo1" name="funC" time="0.004"/>
  <testcase classname="TestNGDemo.TestNGGroupsDemo1" name="funD" time="0.003"/>
</testsuite> <!-- testing -->
