<?xml version="1.0" encoding="UTF-8"?>
<!-- Generated by org.testng.reporters.JUnitXMLReporter -->
<testsuite ignored="0" hostname="Administrator" failures="0" tests="4" name="testing" time="0.199" errors="0" timestamp="2021-04-04T08:40:25 IST">
  <testcase classname="TestNGDemo.TestNGGroupsDemo1" name="funA" time="0.027"/>
  <testcase classname="TestNGDemo.TestNGGroupsDemo1" name="funB" time="0.006"/>
  <testcase classname="TestNGDemo.TestNGGroupsDemo1" name="funC" time="0.005"/>
  <testcase classname="TestNGDemo.TestNGGroupsDemo1" name="funD" time="0.007"/>
</testsuite> <!-- testing -->
