<?xml version="1.0" encoding="UTF-8"?>
<!-- Generated by org.testng.reporters.JUnitXMLReporter -->
<testsuite ignored="0" hostname="Administrator" failures="0" tests="3" name="Test1" time="0.135" errors="0" timestamp="2021-04-04T22:25:41 IST">
  <testcase classname="TestNGDemo.AnnotationDemo1" name="funA" time="0.011"/>
  <testcase classname="TestNGDemo.AnnotationDemo2" name="funA" time="0.003"/>
  <testcase classname="TestNGDemo.AnnotationDemo2" name="funB" time="0.003"/>
</testsuite> <!-- Test1 -->
